2025-04-25 04:47:54,950 - INFO - Starting financial data extraction
2025-04-25 04:47:54,950 - INFO - Loaded 193 symbols from file.
2025-04-25 04:47:54,950 - INFO - Processing AAPL
2025-04-25 04:47:57,441 - INFO - Processing MSFT
2025-04-25 04:47:58,357 - INFO - Processing GOOGL
2025-04-25 04:48:00,108 - INFO - Processing AMZN
2025-04-25 04:48:01,471 - INFO - Processing TSLA
2025-04-25 04:48:02,432 - INFO - Processing NVDA
2025-04-25 04:48:04,709 - INFO - Processing META
2025-04-25 04:48:08,462 - INFO - Processing BRK-B
2025-04-25 04:48:11,633 - INFO - Processing JPM
2025-04-25 04:48:13,784 - INFO - Processing V
2025-04-25 04:48:15,158 - INFO - Processing JNJ
2025-04-25 04:48:16,053 - INFO - Processing WMT
2025-04-25 04:48:16,936 - INFO - Processing PG
2025-04-25 04:48:17,831 - INFO - Processing MA
2025-04-25 04:48:18,696 - INFO - Processing UNH
2025-04-25 04:48:21,359 - INFO - Processing HD
2025-04-25 04:48:23,863 - INFO - Processing DIS
2025-04-25 04:48:26,578 - INFO - Processing BAC
2025-04-25 04:48:28,840 - INFO - Processing PYPL
2025-04-25 04:48:31,948 - INFO - Processing CMCSA
2025-04-25 04:48:34,915 - INFO - Processing XOM
2025-04-25 04:48:37,295 - INFO - Processing NFLX
2025-04-25 04:48:38,240 - INFO - Processing PFE
2025-04-25 04:48:39,385 - INFO - Processing VZ
2025-04-25 04:48:41,606 - INFO - Processing ADBE
2025-04-25 04:48:44,697 - INFO - Processing CRM
2025-04-25 04:48:46,550 - INFO - Processing CSCO
2025-04-25 04:48:48,916 - INFO - Processing PEP
2025-04-25 04:48:51,566 - INFO - Processing KO
2025-04-25 04:48:53,538 - INFO - Processing T
2025-04-25 04:48:55,165 - INFO - Processing ABT
2025-04-25 04:48:56,042 - INFO - Processing AVGO
2025-04-25 04:48:57,800 - INFO - Processing COST
2025-04-25 04:48:59,771 - INFO - Processing MRK
2025-04-25 04:49:02,552 - INFO - Processing DHR
2025-04-25 04:49:05,084 - INFO - Processing MCD
2025-04-25 04:49:07,478 - INFO - Processing ABBV
2025-04-25 04:49:09,484 - INFO - Processing TMO
2025-04-25 04:49:14,399 - INFO - Processing ACN
2025-04-25 04:49:16,261 - INFO - Processing NKE
2025-04-25 04:49:17,245 - INFO - Processing PM
2025-04-25 04:49:18,130 - INFO - Processing LIN
2025-04-25 04:49:18,984 - INFO - Processing ORCL
2025-04-25 04:49:19,893 - INFO - Processing AMD
2025-04-25 04:49:21,049 - INFO - Processing IBM
2025-04-25 04:49:23,174 - INFO - Processing QCOM
2025-04-25 04:49:24,249 - INFO - Processing INTU
2025-04-25 04:49:25,046 - INFO - Processing AMGN
2025-04-25 04:49:26,946 - INFO - Processing HON
2025-04-25 04:49:27,816 - INFO - Processing CAT
2025-04-25 04:49:28,802 - INFO - Processing GE
2025-04-25 04:49:30,675 - INFO - Processing MMM
2025-04-25 04:49:33,281 - INFO - Processing BA
2025-04-25 04:49:35,329 - INFO - Processing GS
2025-04-25 04:49:37,852 - INFO - Processing LOW
2025-04-25 04:49:39,711 - INFO - Processing SBUX
2025-04-25 04:49:42,148 - INFO - Processing MDT
2025-04-25 04:49:44,606 - INFO - Processing UPS
2025-04-25 04:49:46,843 - INFO - Processing CVX
2025-04-25 04:49:47,788 - INFO - Processing DE
2025-04-25 04:49:48,761 - INFO - Processing RTX
2025-04-25 04:49:49,619 - INFO - Processing SCHW
2025-04-25 04:49:50,563 - INFO - Processing BLK
2025-04-25 04:49:51,930 - INFO - Processing AXP
2025-04-25 04:49:53,466 - INFO - Processing PLD
2025-04-25 04:49:54,453 - INFO - Processing NOW
2025-04-25 04:49:55,283 - INFO - Processing AMT
2025-04-25 04:49:56,168 - INFO - Processing TXN
2025-04-25 04:49:57,040 - INFO - Processing BKNG
2025-04-25 04:49:57,950 - INFO - Processing ADI
2025-04-25 04:49:58,887 - INFO - Processing GILD
2025-04-25 04:50:01,605 - INFO - Processing LMT
2025-04-25 04:50:05,220 - INFO - Processing CVS
2025-04-25 04:50:07,965 - INFO - Processing CI
2025-04-25 04:50:09,925 - INFO - Processing MO
2025-04-25 04:50:12,607 - INFO - Processing SPGI
2025-04-25 04:50:16,457 - INFO - Processing SYK
2025-04-25 04:50:18,919 - INFO - Processing ZTS
2025-04-25 04:50:22,083 - INFO - Processing REGN
2025-04-25 04:50:24,072 - INFO - Processing MDLZ
2025-04-25 04:50:25,901 - INFO - Processing TMUS
2025-04-25 04:50:26,797 - INFO - Processing FISV
2025-04-25 04:50:28,437 - INFO - Processing VRTX
2025-04-25 04:50:31,906 - INFO - Processing ISRG
2025-04-25 04:50:35,500 - INFO - Processing MU
2025-04-25 04:50:37,857 - INFO - Processing EQIX
2025-04-25 04:50:39,713 - INFO - Processing ILMN
2025-04-25 04:50:42,977 - INFO - Processing ATVI
2025-04-25 04:50:45,986 - INFO - Processing KLAC
2025-04-25 04:50:49,216 - INFO - Processing MNST
2025-04-25 04:50:51,577 - INFO - Processing ADP
2025-04-25 04:50:53,827 - INFO - Processing CSX
2025-04-25 04:50:55,418 - INFO - Processing MAR
2025-04-25 04:50:56,262 - INFO - Processing PANW
2025-04-25 04:50:57,179 - INFO - Processing SNPS
2025-04-25 04:50:59,748 - INFO - Processing CDNS
2025-04-25 04:51:02,370 - INFO - Processing CHTR
2025-04-25 04:51:04,787 - INFO - Processing APH
2025-04-25 04:51:05,964 - INFO - Processing MCO
2025-04-25 04:51:06,879 - INFO - Processing TFC
2025-04-25 04:51:08,171 - INFO - Processing ICE
2025-04-25 04:51:09,655 - INFO - Processing BDX
2025-04-25 04:51:10,502 - INFO - Processing CME
2025-04-25 04:51:11,395 - INFO - Processing SO
2025-04-25 04:51:14,619 - INFO - Processing DUK
2025-04-25 04:51:17,447 - INFO - Processing NEE
2025-04-25 04:51:21,382 - INFO - Processing AON
2025-04-25 04:51:23,998 - INFO - Processing SHW
2025-04-25 04:51:26,781 - INFO - Processing ECL
2025-04-25 04:51:29,269 - INFO - Processing ITW
2025-04-25 04:51:32,128 - INFO - Processing APD
2025-04-25 04:51:33,975 - INFO - Processing CL
2025-04-25 04:51:34,913 - INFO - Processing EL
2025-04-25 04:51:36,497 - INFO - Processing ROP
2025-04-25 04:51:38,710 - INFO - Processing SLB
2025-04-25 04:51:41,349 - INFO - Processing FIS
2025-04-25 04:51:44,716 - INFO - Processing PSA
2025-04-25 04:51:47,581 - INFO - Processing CCI
2025-04-25 04:51:51,017 - INFO - Processing EW
2025-04-25 04:51:53,537 - INFO - Processing SRE
2025-04-25 04:51:55,612 - INFO - Successfully collected data for 120 companies.
2025-04-25 04:51:56,575 - INFO - Exported 600 records to company_financial_data.xlsx
2025-04-25 04:51:56,575 - INFO - Data export completed successfully.
